<?xml version="1.0" encoding="UTF-8"?>
<testsuite name="ISAACCipherTest" tests="1" skipped="0" failures="0" errors="0" timestamp="2024-02-01T21:56:50" hostname="LEIF" time="0.001">
  <properties/>
  <testcase name="testNextInt" classname="ISAACCipherTest" time="0.001"/>
  <system-out><![CDATA[]]></system-out>
  <system-err><![CDATA[]]></system-err>
</testsuite>
