<?xml version="1.0" encoding="UTF-8"?>
<testsuite name="ISAACCipherTest" tests="1" skipped="0" failures="0" errors="0" timestamp="2024-02-13T10:20:45" hostname="DESKTOP-9I04PLF" time="0.003">
  <properties/>
  <testcase name="testNextInt" classname="ISAACCipherTest" time="0.003"/>
  <system-out><![CDATA[]]></system-out>
  <system-err><![CDATA[]]></system-err>
</testsuite>
