<?xml version="1.0" encoding="UTF-8"?>
<<<<<<< HEAD
<testsuite name="ISAACCipherTest" tests="1" skipped="0" failures="0" errors="0" timestamp="2024-02-02T17:59:27" hostname="HOWARD" time="0.011">
  <properties/>
  <testcase name="testNextInt" classname="ISAACCipherTest" time="0.011"/>
=======
<testsuite name="ISAACCipherTest" tests="1" skipped="0" failures="0" errors="0" timestamp="2024-02-01T21:56:50" hostname="LEIF" time="0.001">
  <properties/>
  <testcase name="testNextInt" classname="ISAACCipherTest" time="0.001"/>
>>>>>>> 4796b299ea305dbf03aa2f75d4b91cc171d36e26
  <system-out><![CDATA[]]></system-out>
  <system-err><![CDATA[]]></system-err>
</testsuite>
