<?xml version="1.0" encoding="UTF-8"?>
<testsuite name="net.runelite.api.ExperienceTest" tests="16" skipped="0" failures="0" errors="0" timestamp="2023-11-16T16:37:12" hostname="HOWARD" time="0.033">
  <properties/>
  <testcase name="testRangeMagicLevelsNeeded" classname="net.runelite.api.ExperienceTest" time="0.016"/>
  <testcase name="testGetCombatLevel" classname="net.runelite.api.ExperienceTest" time="0.001"/>
  <testcase name="testNextMagicLevelBarelyReachesNextCombatLevel" classname="net.runelite.api.ExperienceTest" time="0.0"/>
  <testcase name="testGetXpForLevel" classname="net.runelite.api.ExperienceTest" time="0.0"/>
  <testcase name="testGetXpForLowLevel" classname="net.runelite.api.ExperienceTest" time="0.007"/>
  <testcase name="testOddPrayerLevelsNeededWhenNearNextCombatLevel" classname="net.runelite.api.ExperienceTest" time="0.0"/>
  <testcase name="testGetLevelForNegativeXP" classname="net.runelite.api.ExperienceTest" time="0.0"/>
  <testcase name="testEvenPrayerLevelsNeededWhenNearNextCombatLevel" classname="net.runelite.api.ExperienceTest" time="0.0"/>
  <testcase name="testPrayerLevelsNeeded" classname="net.runelite.api.ExperienceTest" time="0.0"/>
  <testcase name="testPlayerBmidNextCombatLevel" classname="net.runelite.api.ExperienceTest" time="0.0"/>
  <testcase name="testPlayerZezimaNextCombatLevel" classname="net.runelite.api.ExperienceTest" time="0.0"/>
  <testcase name="testNewPlayerNextCombatLevel" classname="net.runelite.api.ExperienceTest" time="0.0"/>
  <testcase name="testAll10NextCombatLevel" classname="net.runelite.api.ExperienceTest" time="0.0"/>
  <testcase name="testPlayerRuneliteNextCombatLevel" classname="net.runelite.api.ExperienceTest" time="0.0"/>
  <testcase name="testGetXpForHighLevel" classname="net.runelite.api.ExperienceTest" time="0.0"/>
  <testcase name="testGetLevelForXp" classname="net.runelite.api.ExperienceTest" time="0.0"/>
  <system-out><![CDATA[]]></system-out>
  <system-err><![CDATA[]]></system-err>
</testsuite>
