<?xml version="1.0" encoding="UTF-8"?>
<testsuite name="net.runelite.api.util.TextTest" tests="3" skipped="0" failures="0" errors="0" timestamp="2023-11-16T16:37:12" hostname="HOWARD" time="0.041">
  <properties/>
  <testcase name="toJagexName" classname="net.runelite.api.util.TextTest" time="0.036"/>
  <testcase name="removeFormattingTags" classname="net.runelite.api.util.TextTest" time="0.001"/>
  <testcase name="removeTags" classname="net.runelite.api.util.TextTest" time="0.004"/>
  <system-out><![CDATA[]]></system-out>
  <system-err><![CDATA[]]></system-err>
</testsuite>
