<?xml version="1.0" encoding="UTF-8"?>
<testsuite name="net.runelite.api.coords.AngleTest" tests="1" skipped="0" failures="0" errors="0" timestamp="2023-11-16T16:37:12" hostname="HOWARD" time="0.005">
  <properties/>
  <testcase name="getNearestDirection" classname="net.runelite.api.coords.AngleTest" time="0.005"/>
  <system-out><![CDATA[]]></system-out>
  <system-err><![CDATA[]]></system-err>
</testsuite>
