<?xml version="1.0" encoding="UTF-8"?>
<testsuite name="net.runelite.api.model.JarvisTest" tests="3" skipped="0" failures="0" errors="0" timestamp="2023-11-16T16:37:12" hostname="HOWARD" time="0.005">
  <properties/>
  <testcase name="testCollinear" classname="net.runelite.api.model.JarvisTest" time="0.004"/>
  <testcase name="test" classname="net.runelite.api.model.JarvisTest" time="0.0"/>
  <testcase name="test2" classname="net.runelite.api.model.JarvisTest" time="0.0"/>
  <system-out><![CDATA[]]></system-out>
  <system-err><![CDATA[]]></system-err>
</testsuite>
