<?xml version="1.0" encoding="UTF-8"?>
<testsuite name="net.runelite.cache.fs.StoreLoadTest" tests="2" skipped="0" failures="0" errors="0" timestamp="2023-11-16T16:37:20" hostname="HOWARD" time="2.57">
  <properties/>
  <testcase name="testLoad" classname="net.runelite.cache.fs.StoreLoadTest" time="0.067"/>
  <testcase name="testSave" classname="net.runelite.cache.fs.StoreLoadTest" time="2.503"/>
  <system-out><![CDATA[]]></system-out>
  <system-err><![CDATA[]]></system-err>
</testsuite>
