<?xml version="1.0" encoding="UTF-8"?>
<testsuite name="net.runelite.cache.StructManagerTest" tests="1" skipped="0" failures="0" errors="0" timestamp="2023-11-16T16:37:41" hostname="HOWARD" time="0.07">
  <properties/>
  <testcase name="test" classname="net.runelite.cache.StructManagerTest" time="0.07"/>
  <system-out><![CDATA[]]></system-out>
  <system-err><![CDATA[]]></system-err>
</testsuite>
