<?xml version="1.0" encoding="UTF-8"?>
<testsuite name="net.runelite.cache.models.JagexColorTest" tests="1" skipped="0" failures="0" errors="0" timestamp="2023-11-16T16:37:25" hostname="HOWARD" time="0.837">
  <properties/>
  <testcase name="testHslToRgb" classname="net.runelite.cache.models.JagexColorTest" time="0.837"/>
  <system-out><![CDATA[]]></system-out>
  <system-err><![CDATA[]]></system-err>
</testsuite>
