<?xml version="1.0" encoding="UTF-8"?>
<testsuite name="net.runelite.cache.NpcManagerTest" tests="1" skipped="1" failures="0" errors="0" timestamp="2023-11-16T16:37:26" hostname="HOWARD" time="0.001">
  <properties/>
  <testcase name="test" classname="net.runelite.cache.NpcManagerTest" time="0.001">
    <skipped/>
  </testcase>
  <system-out><![CDATA[]]></system-out>
  <system-err><![CDATA[]]></system-err>
</testsuite>
