<?xml version="1.0" encoding="UTF-8"?>
<testsuite name="net.runelite.cache.FramemapDumper" tests="1" skipped="1" failures="0" errors="0" timestamp="2023-11-16T16:37:20" hostname="HOWARD" time="0.0">
  <properties/>
  <testcase name="extract" classname="net.runelite.cache.FramemapDumper" time="0.0">
    <skipped/>
  </testcase>
  <system-out><![CDATA[]]></system-out>
  <system-err><![CDATA[]]></system-err>
</testsuite>
