<?xml version="1.0" encoding="UTF-8"?>
<testsuite name="net.runelite.cache.fs.ContainerTest" tests="1" skipped="0" failures="0" errors="0" timestamp="2023-11-16T16:37:20" hostname="HOWARD" time="0.124">
  <properties/>
  <testcase name="testCompress" classname="net.runelite.cache.fs.ContainerTest" time="0.124"/>
  <system-out><![CDATA[]]></system-out>
  <system-err><![CDATA[]]></system-err>
</testsuite>
