<?xml version="1.0" encoding="UTF-8"?>
<testsuite name="net.runelite.cache.script.disassembler.DisassemblerTest" tests="1" skipped="0" failures="0" errors="0" timestamp="2023-11-16T16:37:28" hostname="HOWARD" time="5.801">
  <properties/>
  <testcase name="test" classname="net.runelite.cache.script.disassembler.DisassemblerTest" time="5.801"/>
  <system-out><![CDATA[]]></system-out>
  <system-err><![CDATA[]]></system-err>
</testsuite>
