<?xml version="1.0" encoding="UTF-8"?>
<testsuite name="net.runelite.cache.EnumDumperTest" tests="1" skipped="0" failures="0" errors="0" timestamp="2023-11-16T16:37:19" hostname="HOWARD" time="1.204">
  <properties/>
  <testcase name="test" classname="net.runelite.cache.EnumDumperTest" time="1.204"/>
  <system-out><![CDATA[]]></system-out>
  <system-err><![CDATA[]]></system-err>
</testsuite>
