<?xml version="1.0" encoding="UTF-8"?>
<testsuite name="net.runelite.cache.io.OutputStreamTest" tests="2" skipped="0" failures="0" errors="0" timestamp="2023-11-16T16:37:24" hostname="HOWARD" time="0.001">
  <properties/>
  <testcase name="testWriteString" classname="net.runelite.cache.io.OutputStreamTest" time="0.0"/>
  <testcase name="testWriteBigSmart" classname="net.runelite.cache.io.OutputStreamTest" time="0.0"/>
  <system-out><![CDATA[]]></system-out>
  <system-err><![CDATA[]]></system-err>
</testsuite>
