<?xml version="1.0" encoding="UTF-8"?>
<testsuite name="net.runelite.cache.definitions.savers.InterfaceSaverTest" tests="1" skipped="0" failures="0" errors="0" timestamp="2023-11-16T16:37:18" hostname="HOWARD" time="0.341">
  <properties/>
  <testcase name="testSave" classname="net.runelite.cache.definitions.savers.InterfaceSaverTest" time="0.341"/>
  <system-out><![CDATA[]]></system-out>
  <system-err><![CDATA[]]></system-err>
</testsuite>
