<?xml version="1.0" encoding="UTF-8"?>
<testsuite name="net.runelite.cache.fs.flat.FlatStorageTest" tests="1" skipped="0" failures="0" errors="0" timestamp="2023-11-16T16:37:20" hostname="HOWARD" time="0.029">
  <properties/>
  <testcase name="testSaveArchive" classname="net.runelite.cache.fs.flat.FlatStorageTest" time="0.029"/>
  <system-out><![CDATA[]]></system-out>
  <system-err><![CDATA[]]></system-err>
</testsuite>
