<?xml version="1.0" encoding="UTF-8"?>
<testsuite name="net.runelite.cache.InventoryDumper" tests="1" skipped="0" failures="0" errors="0" timestamp="2023-11-16T16:37:23" hostname="HOWARD" time="1.274">
  <properties/>
  <testcase name="extract" classname="net.runelite.cache.InventoryDumper" time="1.274"/>
  <system-out><![CDATA[]]></system-out>
  <system-err><![CDATA[]]></system-err>
</testsuite>
