<?xml version="1.0" encoding="UTF-8"?>
<testsuite name="net.runelite.cache.script.assembler.AssemblerTest" tests="3" skipped="0" failures="0" errors="0" timestamp="2023-11-16T16:37:28" hostname="HOWARD" time="0.12">
  <properties/>
  <testcase name="testAssemble[0]" classname="net.runelite.cache.script.assembler.AssemblerTest" time="0.025"/>
  <testcase name="testAssemble[1]" classname="net.runelite.cache.script.assembler.AssemblerTest" time="0.088"/>
  <testcase name="testAssemble[2]" classname="net.runelite.cache.script.assembler.AssemblerTest" time="0.006"/>
  <system-out><![CDATA[]]></system-out>
  <system-err><![CDATA[]]></system-err>
</testsuite>
