<?xml version="1.0" encoding="UTF-8"?>
<testsuite name="net.runelite.cache.TrackDumperTest" tests="2" skipped="1" failures="0" errors="0" timestamp="2023-11-16T16:37:42" hostname="HOWARD" time="7.566">
  <properties/>
  <testcase name="play" classname="net.runelite.cache.TrackDumperTest" time="0.0">
    <skipped/>
  </testcase>
  <testcase name="test" classname="net.runelite.cache.TrackDumperTest" time="7.566"/>
  <system-out><![CDATA[]]></system-out>
  <system-err><![CDATA[]]></system-err>
</testsuite>
