<?xml version="1.0" encoding="UTF-8"?>
<testsuite name="net.runelite.cache.UnderlayDumper" tests="1" skipped="0" failures="0" errors="0" timestamp="2023-11-16T16:37:50" hostname="HOWARD" time="0.194">
  <properties/>
  <testcase name="extract" classname="net.runelite.cache.UnderlayDumper" time="0.194"/>
  <system-out><![CDATA[]]></system-out>
  <system-err><![CDATA[]]></system-err>
</testsuite>
