<?xml version="1.0" encoding="UTF-8"?>
<testsuite name="net.runelite.cache.WorldMapDumperTest" tests="1" skipped="0" failures="0" errors="0" timestamp="2023-11-16T16:37:50" hostname="HOWARD" time="0.112">
  <properties/>
  <testcase name="extract" classname="net.runelite.cache.WorldMapDumperTest" time="0.112"/>
  <system-out><![CDATA[]]></system-out>
  <system-err><![CDATA[]]></system-err>
</testsuite>
