<?xml version="1.0" encoding="UTF-8"?>
<testsuite name="net.runelite.cache.MapImageDumperTest" tests="2" skipped="2" failures="0" errors="0" timestamp="2023-11-16T16:37:25" hostname="HOWARD" time="0.0">
  <properties/>
  <testcase name="dumpRegions" classname="net.runelite.cache.MapImageDumperTest" time="0.0">
    <skipped/>
  </testcase>
  <testcase name="dumpMap" classname="net.runelite.cache.MapImageDumperTest" time="0.0">
    <skipped/>
  </testcase>
  <system-out><![CDATA[]]></system-out>
  <system-err><![CDATA[]]></system-err>
</testsuite>
