<?xml version="1.0" encoding="UTF-8"?>
<testsuite name="net.runelite.cache.fs.jagex.IndexFileTest" tests="1" skipped="0" failures="0" errors="0" timestamp="2023-11-16T16:37:20" hostname="HOWARD" time="0.001">
  <properties/>
  <testcase name="test" classname="net.runelite.cache.fs.jagex.IndexFileTest" time="0.001"/>
  <system-out><![CDATA[]]></system-out>
  <system-err><![CDATA[]]></system-err>
</testsuite>
